gamescene/build/android/src/build/outputs/logs/manifest-merger-debug-report.txt
-- Merging decision tree log ---
manifest
ADDED from android\src\AndroidManifest.xml:2:1-16:12
	package
		ADDED from android\src\AndroidManifest.xml:2:70-105
		INJECTED from android\src\AndroidManifest.xml
		INJECTED from android\src\AndroidManifest.xml
	android:versionName
		ADDED from android\src\AndroidManifest.xml:2:137-171
		INJECTED from android\src\AndroidManifest.xml
		INJECTED from android\src\AndroidManifest.xml
	android:versionCode
		ADDED from android\src\AndroidManifest.xml:2:106-136
		INJECTED from android\src\AndroidManifest.xml
		INJECTED from android\src\AndroidManifest.xml
	xmlns:android
		ADDED from android\src\AndroidManifest.xml:2:11-69
uses-sdk
ADDED from android\src\AndroidManifest.xml:3:3-72
MERGED from [:org.jkop.cape:] AndroidManifest.xml:7:5-9:41
MERGED from [:org.jkop.capex:] AndroidManifest.xml:7:5-9:41
MERGED from [:org.jkop.cave:] AndroidManifest.xml:7:5-9:41
MERGED from [:org.jkop.motion:] AndroidManifest.xml:7:5-9:41
	android:targetSdkVersion
		ADDED from android\src\AndroidManifest.xml:3:40-69
		INJECTED from android\src\AndroidManifest.xml
		INJECTED from android\src\AndroidManifest.xml
	android:minSdkVersion
		ADDED from android\src\AndroidManifest.xml:3:13-39
		INJECTED from android\src\AndroidManifest.xml
		INJECTED from android\src\AndroidManifest.xml
supports-screens
ADDED from android\src\AndroidManifest.xml:4:3-163
	android:largeScreens
		ADDED from android\src\AndroidManifest.xml:4:78-105
	android:smallScreens
		ADDED from android\src\AndroidManifest.xml:4:21-48
	android:normalScreens
		ADDED from android\src\AndroidManifest.xml:4:49-77
	android:xlargeScreens
		ADDED from android\src\AndroidManifest.xml:4:106-134
	android:anyDensity
		ADDED from android\src\AndroidManifest.xml:4:135-160
application
ADDED from android\src\AndroidManifest.xml:5:3-12:17
	android:label
		ADDED from android\src\AndroidManifest.xml:5:16-45
	android:hardwareAccelerated
		ADDED from android\src\AndroidManifest.xml:5:46-80
activity#gamescene.MainMenuSceneActivity
ADDED from android\src\AndroidManifest.xml:6:5-11:16
	android:configChanges
		ADDED from android\src\AndroidManifest.xml:6:62-108
	android:name
		ADDED from android\src\AndroidManifest.xml:6:15-61
intent-filter#android.intent.action.MAIN+android.intent.category.LAUNCHER
ADDED from android\src\AndroidManifest.xml:7:7-10:23
action#android.intent.action.MAIN
ADDED from android\src\AndroidManifest.xml:8:9-61
	android:name
		ADDED from android\src\AndroidManifest.xml:8:17-58
category#android.intent.category.LAUNCHER
ADDED from android\src\AndroidManifest.xml:9:9-69
	android:name
		ADDED from android\src\AndroidManifest.xml:9:19-66
uses-permission#android.permission.ACCESS_FINE_LOCATION
ADDED from android\src\AndroidManifest.xml:13:3-77
MERGED from [:org.jkop.capex:] AndroidManifest.xml:11:5-79
	android:name
		ADDED from android\src\AndroidManifest.xml:13:20-74
uses-permission#android.permission.ACCESS_COARSE_LOCATION
ADDED from android\src\AndroidManifest.xml:14:3-79
MERGED from [:org.jkop.capex:] AndroidManifest.xml:12:5-81
	android:name
		ADDED from android\src\AndroidManifest.xml:14:20-76
uses-permission#android.permission.INTERNET
ADDED from android\src\AndroidManifest.xml:15:3-65
MERGED from [:org.jkop.capex:] AndroidManifest.xml:13:5-67
	android:name
		ADDED from android\src\AndroidManifest.xml:15:20-62